<?xml version="1.0" encoding="UTF-8"?>
<testsuite name="Academy Choucair" tests="1" skipped="0" failures="0" errors="0" timestamp="2021-08-06T21:49:23" hostname="DESKTOP-3D8CL2C" time="20.066">
  <properties/>
  <testcase name="Search for automation course" classname="Academy Choucair" time="20.066"/>
  <system-out><![CDATA[]]></system-out>
  <system-err><![CDATA[[Test worker] WARN net.thucydides.core.steps.BaseStepListener - stepStarted: net.thucydides.core.steps.ExecutedStepDescription@486909b6
[Test worker] WARN net.thucydides.core.steps.BaseStepListener - stepStarted: net.thucydides.core.steps.ExecutedStepDescription@2917c143
[Test worker] WARN net.thucydides.core.steps.BaseStepListener - stepStarted: net.thucydides.core.steps.ExecutedStepDescription@495cdb15
Aug 06, 2021 4:49:24 PM org.openqa.selenium.remote.DesiredCapabilities chrome
INFO: Using `new ChromeOptions()` is preferred to `DesiredCapabilities.chrome()`
[Test worker] INFO net.serenitybdd.core.webdriver.driverproviders.ProvideNewDriver - Instantiating driver
[Test worker] INFO net.serenitybdd.core.webdriver.driverproviders.ProvideNewDriver - Driver capabilities: Capabilities {acceptInsecureCerts: false, browserName: chrome, chrome.switches: --start-maximized, goog:chromeOptions: {args: [--start-maximized], extensions: []}, loggingPrefs: org.openqa.selenium.logging..., platform: ANY, version: }
Starting ChromeDriver 92.0.4515.107 (87a818b10553a07434ea9e2b6dccf3cbe7895134-refs/branch-heads/4515@{#1634}) on port 35430
Only local connections are allowed.
Please see https://chromedriver.chromium.org/security-considerations for suggestions on keeping ChromeDriver safe.
ChromeDriver was started successfully.
Aug 06, 2021 4:49:26 PM org.openqa.selenium.remote.ProtocolHandshake createSession
INFO: Detected dialect: W3C
[Test worker] WARN net.thucydides.core.steps.BaseStepListener - stepFinished: current outcome:Search for automation course:Given than Eduardo wants to learn automation
| strUser | strPassword |
| 8920232 | Choucair2021* | [Eduardo open up [Eduardo opens the Choucair academy page]]
[Test worker] WARN net.thucydides.core.steps.BaseStepListener - stepFinished: current outcome:Search for automation course:Given than Eduardo wants to learn automation
| strUser | strPassword |
| 8920232 | Choucair2021* | [Eduardo open up [Eduardo opens the Choucair academy page]]
[Test worker] WARN net.thucydides.core.steps.BaseStepListener - stepStarted: net.thucydides.core.steps.ExecutedStepDescription@7f0d3041
[Test worker] WARN net.thucydides.core.steps.BaseStepListener - stepStarted: net.thucydides.core.steps.ExecutedStepDescription@2d997756
[Test worker] WARN net.thucydides.core.steps.BaseStepListener - stepFinished: current outcome:Search for automation course:Given than Eduardo wants to learn automation
| strUser | strPassword |
| 8920232 | Choucair2021* | [Eduardo open up [Eduardo opens the Choucair academy page], Eduardo login [Eduardo clicks on Button that shows us the form to Login]]
[Test worker] WARN net.thucydides.core.steps.BaseStepListener - stepStarted: net.thucydides.core.steps.ExecutedStepDescription@443b7fa1
[Test worker] WARN net.thucydides.core.steps.BaseStepListener - stepFinished: current outcome:Search for automation course:Given than Eduardo wants to learn automation
| strUser | strPassword |
| 8920232 | Choucair2021* | [Eduardo open up [Eduardo opens the Choucair academy page], Eduardo login [Eduardo clicks on Button that shows us the form to Login, Eduardo enters '8920232' into where do we write the username]]
[Test worker] WARN net.thucydides.core.steps.BaseStepListener - stepStarted: net.thucydides.core.steps.ExecutedStepDescription@686d97d4
[Test worker] WARN net.thucydides.core.steps.BaseStepListener - stepFinished: current outcome:Search for automation course:Given than Eduardo wants to learn automation
| strUser | strPassword |
| 8920232 | Choucair2021* | [Eduardo open up [Eduardo opens the Choucair academy page], Eduardo login [Eduardo clicks on Button that shows us the form to Login, Eduardo enters '8920232' into where do we write the username, Eduardo enters 'Choucair2021*' into where do we write the password]]
[Test worker] WARN net.thucydides.core.steps.BaseStepListener - stepStarted: net.thucydides.core.steps.ExecutedStepDescription@46156c20
[Test worker] WARN net.thucydides.core.steps.BaseStepListener - stepFinished: current outcome:Search for automation course:Given than Eduardo wants to learn automation
| strUser | strPassword |
| 8920232 | Choucair2021* | [Eduardo open up [Eduardo opens the Choucair academy page], Eduardo login [Eduardo clicks on Button that shows us the form to Login, Eduardo enters '8920232' into where do we write the username, Eduardo enters 'Choucair2021*' into where do we write the password, Eduardo clicks on Button to confirm Login]]
[Test worker] WARN net.thucydides.core.steps.BaseStepListener - stepFinished: current outcome:Search for automation course:Given than Eduardo wants to learn automation
| strUser | strPassword |
| 8920232 | Choucair2021* | [Eduardo open up [Eduardo opens the Choucair academy page], Eduardo login [Eduardo clicks on Button that shows us the form to Login, Eduardo enters '8920232' into where do we write the username, Eduardo enters 'Choucair2021*' into where do we write the password, Eduardo clicks on Button to confirm Login]]
[Test worker] WARN net.thucydides.core.steps.BaseStepListener - stepFinished: current outcome:Search for automation course:Given than Eduardo wants to learn automation
| strUser | strPassword |
| 8920232 | Choucair2021* | [Eduardo open up [Eduardo opens the Choucair academy page], Eduardo login [Eduardo clicks on Button that shows us the form to Login, Eduardo enters '8920232' into where do we write the username, Eduardo enters 'Choucair2021*' into where do we write the password, Eduardo clicks on Button to confirm Login]]
[Test worker] WARN net.thucydides.core.steps.BaseStepListener - stepStarted: net.thucydides.core.steps.ExecutedStepDescription@615b4fd8
[Test worker] WARN net.thucydides.core.steps.BaseStepListener - stepStarted: net.thucydides.core.steps.ExecutedStepDescription@297c2db0
[Test worker] WARN net.thucydides.core.steps.BaseStepListener - stepStarted: net.thucydides.core.steps.ExecutedStepDescription@4d7b6529
[Test worker] WARN net.thucydides.core.steps.BaseStepListener - stepFinished: current outcome:Search for automation course:Given than Eduardo wants to learn automation
| strUser | strPassword |
| 8920232 | Choucair2021* | [Eduardo open up [Eduardo opens the Choucair academy page], Eduardo login [Eduardo clicks on Button that shows us the form to Login, Eduardo enters '8920232' into where do we write the username, Eduardo enters 'Choucair2021*' into where do we write the password, Eduardo clicks on Button to confirm Login]], When he search for the course Analista Financial [Eduardo search [Eduardo clicks on Course Selection]]
[Test worker] WARN net.thucydides.core.steps.BaseStepListener - stepStarted: net.thucydides.core.steps.ExecutedStepDescription@124b52ee
[Test worker] WARN net.thucydides.core.steps.BaseStepListener - stepFinished: current outcome:Search for automation course:Given than Eduardo wants to learn automation
| strUser | strPassword |
| 8920232 | Choucair2021* | [Eduardo open up [Eduardo opens the Choucair academy page], Eduardo login [Eduardo clicks on Button that shows us the form to Login, Eduardo enters '8920232' into where do we write the username, Eduardo enters 'Choucair2021*' into where do we write the password, Eduardo clicks on Button to confirm Login]], When he search for the course Analista Financial [Eduardo search [Eduardo clicks on Course Selection, Eduardo clicks on Check the Module as Completed]]
[Test worker] WARN net.thucydides.core.steps.BaseStepListener - stepFinished: current outcome:Search for automation course:Given than Eduardo wants to learn automation
| strUser | strPassword |
| 8920232 | Choucair2021* | [Eduardo open up [Eduardo opens the Choucair academy page], Eduardo login [Eduardo clicks on Button that shows us the form to Login, Eduardo enters '8920232' into where do we write the username, Eduardo enters 'Choucair2021*' into where do we write the password, Eduardo clicks on Button to confirm Login]], When he search for the course Analista Financial [Eduardo search [Eduardo clicks on Course Selection, Eduardo clicks on Check the Module as Completed]]
[Test worker] WARN net.thucydides.core.steps.BaseStepListener - stepFinished: current outcome:Search for automation course:Given than Eduardo wants to learn automation
| strUser | strPassword |
| 8920232 | Choucair2021* | [Eduardo open up [Eduardo opens the Choucair academy page], Eduardo login [Eduardo clicks on Button that shows us the form to Login, Eduardo enters '8920232' into where do we write the username, Eduardo enters 'Choucair2021*' into where do we write the password, Eduardo clicks on Button to confirm Login]], When he search for the course Analista Financial [Eduardo search [Eduardo clicks on Course Selection, Eduardo clicks on Check the Module as Completed]]
[Test worker] WARN net.thucydides.core.steps.BaseStepListener - stepStarted: net.thucydides.core.steps.ExecutedStepDescription@884b91
[Test worker] WARN net.thucydides.core.steps.BaseStepListener - stepStarted: net.thucydides.core.steps.ExecutedStepDescription@3b51af53
[Test worker] WARN net.thucydides.core.steps.BaseStepListener - stepFinished: current outcome:Search for automation course:Given than Eduardo wants to learn automation
| strUser | strPassword |
| 8920232 | Choucair2021* | [Eduardo open up [Eduardo opens the Choucair academy page], Eduardo login [Eduardo clicks on Button that shows us the form to Login, Eduardo enters '8920232' into where do we write the username, Eduardo enters 'Choucair2021*' into where do we write the password, Eduardo clicks on Button to confirm Login]], When he search for the course Analista Financial [Eduardo search [Eduardo clicks on Course Selection, Eduardo clicks on Check the Module as Completed]], Then he finds the course Cap. 5 - Identificar y Mapear [Then answer]
[Test worker] WARN net.thucydides.core.steps.BaseStepListener - stepFinished: current outcome:Search for automation course:Given than Eduardo wants to learn automation
| strUser | strPassword |
| 8920232 | Choucair2021* | [Eduardo open up [Eduardo opens the Choucair academy page], Eduardo login [Eduardo clicks on Button that shows us the form to Login, Eduardo enters '8920232' into where do we write the username, Eduardo enters 'Choucair2021*' into where do we write the password, Eduardo clicks on Button to confirm Login]], When he search for the course Analista Financial [Eduardo search [Eduardo clicks on Course Selection, Eduardo clicks on Check the Module as Completed]], Then he finds the course Cap. 5 - Identificar y Mapear [Then answer]
[Test worker] WARN net.thucydides.core.steps.BaseStepListener - testFinished: Search for automation course:Given than Eduardo wants to learn automation
| strUser | strPassword |
| 8920232 | Choucair2021* | [Eduardo open up [Eduardo opens the Choucair academy page], Eduardo login [Eduardo clicks on Button that shows us the form to Login, Eduardo enters '8920232' into where do we write the username, Eduardo enters 'Choucair2021*' into where do we write the password, Eduardo clicks on Button to confirm Login]], When he search for the course Analista Financial [Eduardo search [Eduardo clicks on Course Selection, Eduardo clicks on Check the Module as Completed]], Then he finds the course Cap. 5 - Identificar y Mapear [Then answer]
[Test worker] WARN net.thucydides.core.steps.BaseStepListener - TestOutcomes: [Search for automation course:Given than Eduardo wants to learn automation
| strUser | strPassword |
| 8920232 | Choucair2021* | [Eduardo open up [Eduardo opens the Choucair academy page], Eduardo login [Eduardo clicks on Button that shows us the form to Login, Eduardo enters '8920232' into where do we write the username, Eduardo enters 'Choucair2021*' into where do we write the password, Eduardo clicks on Button to confirm Login]], When he search for the course Analista Financial [Eduardo search [Eduardo clicks on Course Selection, Eduardo clicks on Check the Module as Completed]], Then he finds the course Cap. 5 - Identificar y Mapear [Then answer]]
[Test worker] WARN net.thucydides.core.steps.BaseStepListener - Final testOutcomes: [Search for automation course:Given than Eduardo wants to learn automation
| strUser | strPassword |
| 8920232 | Choucair2021* | [Eduardo open up [Eduardo opens the Choucair academy page], Eduardo login [Eduardo clicks on Button that shows us the form to Login, Eduardo enters '8920232' into where do we write the username, Eduardo enters 'Choucair2021*' into where do we write the password, Eduardo clicks on Button to confirm Login]], When he search for the course Analista Financial [Eduardo search [Eduardo clicks on Course Selection, Eduardo clicks on Check the Module as Completed]], Then he finds the course Cap. 5 - Identificar y Mapear [Then answer]]
[Test worker] INFO net.thucydides.core.steps.ConsoleLoggingListener - 
        __    _____ _____ ____ _____   ____   _    ____  ____  _____ ____  
  _     \ \  |_   _| ____/ ___|_   _| |  _ \ / \  / ___|/ ___|| ____|  _ \ 
 (_)_____| |   | | |  _| \___ \ | |   | |_) / _ \ \___ \\___ \|  _| | | | |
  _|_____| |   | | | |___ ___) || |   |  __/ ___ \ ___) |___) | |___| |_| |
 (_)     | |   |_| |_____|____/ |_|   |_| /_/   \_\____/|____/|_____|____/ 
        /_/                                                                

TEST PASSED: Search for automation course
----------------------------------------------------------------------------
]]></system-err>
</testsuite>
